build/outputs/logs/manifest-merger-debug-report.txt
-- Merging decision tree log ---
manifest
ADDED from src\main\AndroidManifest.xml:2:1-103:12
INJECTED from src\main\AndroidManifest.xml:2:1-103:12
INJECTED from src\main\AndroidManifest.xml:2:1-103:12
INJECTED from src\main\AndroidManifest.xml:2:1-103:12
MERGED from [com.squareup.leakcanary:leakcanary-android:1.6.3] AndroidManifest.xml:17:1-74:12
MERGED from [com.android.support:multidex:1.0.2] AndroidManifest.xml:17:1-22:12
MERGED from [com.android.support:design:27.1.1] AndroidManifest.xml:17:1-22:12
MERGED from [com.android.support:support-v4:27.1.1] AndroidManifest.xml:17:1-22:12
MERGED from [com.android.support:percent:27.1.1] AndroidManifest.xml:17:1-22:12
MERGED from [com.android.support:cardview-v7:27.1.1] AndroidManifest.xml:17:1-22:12
MERGED from [com.trello.rxlifecycle2:rxlifecycle-components:2.2.1] AndroidManifest.xml:13:1-19:12
MERGED from [com.trello.rxlifecycle2:rxlifecycle-android:2.2.1] AndroidManifest.xml:13:1-19:12
MERGED from [io.reactivex.rxjava2:rxandroid:2.0.1] AndroidManifest.xml:15:1-21:12
MERGED from [com.android.support.constraint:constraint-layout:1.1.2] AndroidManifest.xml:2:1-11:12
MERGED from [com.tencent.bugly:nativecrashreport:3.3.1] AndroidManifest.xml:2:1-9:12
MERGED from [com.tencent.bugly:crashreport:2.6.6] AndroidManifest.xml:2:1-9:12
MERGED from [com.jakewharton:butterknife:8.8.1] AndroidManifest.xml:2:1-7:12
MERGED from [com.sunmi:DS_Lib:1.0.11] AndroidManifest.xml:2:1-32:12
MERGED from [com.github.arcadefire:nice-spinner:1.3.4] AndroidManifest.xml:2:1-11:12
MERGED from [com.github.mcxtzhang:AnimShopButton:V1.2.0] AndroidManifest.xml:2:1-14:12
MERGED from [com.squareup.leakcanary:leakcanary-analyzer:1.6.3] AndroidManifest.xml:17:1-24:12
MERGED from [com.android.support:appcompat-v7:27.1.1] AndroidManifest.xml:17:1-22:12
MERGED from [com.android.support:support-fragment:27.1.1] AndroidManifest.xml:17:1-22:12
MERGED from [com.android.support:recyclerview-v7:27.1.1] AndroidManifest.xml:17:1-22:12
MERGED from [com.android.support:animated-vector-drawable:27.1.1] AndroidManifest.xml:17:1-22:12
MERGED from [com.android.support:support-core-ui:27.1.1] AndroidManifest.xml:17:1-22:12
MERGED from [com.android.support:support-core-utils:27.1.1] AndroidManifest.xml:17:1-22:12
MERGED from [com.android.support:support-media-compat:27.1.1] AndroidManifest.xml:17:1-22:12
MERGED from [com.android.support:transition:27.1.1] AndroidManifest.xml:17:1-22:12
MERGED from [com.android.support:support-vector-drawable:27.1.1] AndroidManifest.xml:17:1-22:12
MERGED from [com.android.support:support-compat:27.1.1] AndroidManifest.xml:17:1-22:12
MERGED from [android.arch.lifecycle:runtime:1.1.0] AndroidManifest.xml:17:1-22:12
MERGED from [android.arch.lifecycle:livedata-core:1.1.0] AndroidManifest.xml:17:1-22:12
MERGED from [android.arch.lifecycle:viewmodel:1.1.0] AndroidManifest.xml:17:1-22:12
MERGED from [android.arch.core:runtime:1.1.0] AndroidManifest.xml:17:1-22:12
INJECTED from src\main\AndroidManifest.xml:2:1-103:12
INJECTED from src\main\AndroidManifest.xml:2:1-103:12
INJECTED from src\main\AndroidManifest.xml:2:1-103:12
	package
		ADDED from src\main\AndroidManifest.xml:3:5-35
		INJECTED from src\main\AndroidManifest.xml
		INJECTED from src\main\AndroidManifest.xml
	android:versionName
		INJECTED from src\main\AndroidManifest.xml
		ADDED from src\main\AndroidManifest.xml:2:1-103:12
		INJECTED from src\main\AndroidManifest.xml
	android:versionCode
		INJECTED from src\main\AndroidManifest.xml
		ADDED from src\main\AndroidManifest.xml:2:1-103:12
		INJECTED from src\main\AndroidManifest.xml
	xmlns:android
		ADDED from src\main\AndroidManifest.xml:2:11-69
uses-permission#android.permission.INTERNET
ADDED from src\main\AndroidManifest.xml:5:5-67
	android:name
		ADDED from src\main\AndroidManifest.xml:5:22-64
uses-permission#com.android.launcher.permission.INSTALL_SHORTCUT
ADDED from src\main\AndroidManifest.xml:6:5-88
	android:name
		ADDED from src\main\AndroidManifest.xml:6:22-85
uses-permission#com.android.launcher.permission.UNINSTALL_SHORTCUT
ADDED from src\main\AndroidManifest.xml:7:5-90
	android:name
		ADDED from src\main\AndroidManifest.xml:7:22-87
uses-permission#android.permission.WRITE_EXTERNAL_STORAGE
ADDED from src\main\AndroidManifest.xml:8:5-81
MERGED from [com.squareup.leakcanary:leakcanary-android:1.6.3] AndroidManifest.xml:24:5-81
MERGED from [com.squareup.leakcanary:leakcanary-android:1.6.3] AndroidManifest.xml:24:5-81
	android:name
		ADDED from src\main\AndroidManifest.xml:8:22-78
uses-permission#android.permission.ACCESS_NETWORK_STATE
ADDED from src\main\AndroidManifest.xml:9:5-79
	android:name
		ADDED from src\main\AndroidManifest.xml:9:22-76
uses-permission#android.permission.READ_PHONE_STATE
ADDED from src\main\AndroidManifest.xml:10:5-75
	android:name
		ADDED from src\main\AndroidManifest.xml:10:22-72
uses-permission#android.permission.CAMERA
ADDED from src\main\AndroidManifest.xml:11:5-65
	android:name
		ADDED from src\main\AndroidManifest.xml:11:22-62
uses-permission#android.permission.VIBRATE
ADDED from src\main\AndroidManifest.xml:12:5-66
	android:name
		ADDED from src\main\AndroidManifest.xml:12:22-63
uses-permission#android.permission.SYSTEM_ALERT_WINDOW
ADDED from src\main\AndroidManifest.xml:13:5-78
	android:name
		ADDED from src\main\AndroidManifest.xml:13:22-75
uses-permission#android.permission.FLASHLIGHT
ADDED from src\main\AndroidManifest.xml:14:5-69
	android:name
		ADDED from src\main\AndroidManifest.xml:14:22-66
uses-permission#android.permission.GET_TASKS
ADDED from src\main\AndroidManifest.xml:15:5-68
	android:name
		ADDED from src\main\AndroidManifest.xml:15:22-65
uses-permission#android.permission.ACCESS_COARSE_LOCATION
ADDED from src\main\AndroidManifest.xml:16:5-81
	android:name
		ADDED from src\main\AndroidManifest.xml:16:22-78
uses-permission#android.permission.ACCESS_FINE_LOCATION
ADDED from src\main\AndroidManifest.xml:17:5-79
	android:name
		ADDED from src\main\AndroidManifest.xml:17:22-76
uses-permission#android.permission.ACCESS_WIFI_STATE
ADDED from src\main\AndroidManifest.xml:18:5-76
	android:name
		ADDED from src\main\AndroidManifest.xml:18:22-73
uses-permission#android.permission.CHANGE_WIFI_STATE
ADDED from src\main\AndroidManifest.xml:19:5-76
	android:name
		ADDED from src\main\AndroidManifest.xml:19:22-73
uses-permission#android.permission.WAKE_LOCK
ADDED from src\main\AndroidManifest.xml:20:5-68
	android:name
		ADDED from src\main\AndroidManifest.xml:20:22-65
uses-permission#android.permission.BAIDU_LOCATION_SERVICE
ADDED from src\main\AndroidManifest.xml:21:5-81
	android:name
		ADDED from src\main\AndroidManifest.xml:21:22-78
uses-permission#android.permission.REQUEST_INSTALL_PACKAGES
ADDED from src\main\AndroidManifest.xml:22:5-83
	android:name
		ADDED from src\main\AndroidManifest.xml:22:22-80
uses-feature#android.hardware.camera
ADDED from src\main\AndroidManifest.xml:23:5-60
	android:name
		ADDED from src\main\AndroidManifest.xml:23:19-57
uses-feature#android.hardware.camera.any
ADDED from src\main\AndroidManifest.xml:24:5-64
	android:name
		ADDED from src\main\AndroidManifest.xml:24:19-61
uses-feature#android.hardware.camera.autofocus
ADDED from src\main\AndroidManifest.xml:25:5-70
	android:name
		ADDED from src\main\AndroidManifest.xml:25:19-67
uses-feature#android.hardware.camera.flash
ADDED from src\main\AndroidManifest.xml:26:5-66
	android:name
		ADDED from src\main\AndroidManifest.xml:26:19-63
uses-feature#android.hardware.screen.portrait
ADDED from src\main\AndroidManifest.xml:27:5-69
	android:name
		ADDED from src\main\AndroidManifest.xml:27:19-66
uses-feature#android.hardware.wifi
ADDED from src\main\AndroidManifest.xml:28:5-58
	android:name
		ADDED from src\main\AndroidManifest.xml:28:19-55
application
ADDED from src\main\AndroidManifest.xml:33:5-101:19
MERGED from [com.squareup.leakcanary:leakcanary-android:1.6.3] AndroidManifest.xml:28:5-72:19
MERGED from [com.squareup.leakcanary:leakcanary-android:1.6.3] AndroidManifest.xml:28:5-72:19
MERGED from [com.android.support.constraint:constraint-layout:1.1.2] AndroidManifest.xml:9:5-20
MERGED from [com.android.support.constraint:constraint-layout:1.1.2] AndroidManifest.xml:9:5-20
MERGED from [com.sunmi:DS_Lib:1.0.11] AndroidManifest.xml:11:5-30:19
MERGED from [com.sunmi:DS_Lib:1.0.11] AndroidManifest.xml:11:5-30:19
MERGED from [com.github.arcadefire:nice-spinner:1.3.4] AndroidManifest.xml:9:5-47
MERGED from [com.github.arcadefire:nice-spinner:1.3.4] AndroidManifest.xml:9:5-47
MERGED from [com.github.mcxtzhang:AnimShopButton:V1.2.0] AndroidManifest.xml:11:5-12:19
MERGED from [com.github.mcxtzhang:AnimShopButton:V1.2.0] AndroidManifest.xml:11:5-12:19
MERGED from [com.squareup.leakcanary:leakcanary-analyzer:1.6.3] AndroidManifest.xml:22:5-20
MERGED from [com.squareup.leakcanary:leakcanary-analyzer:1.6.3] AndroidManifest.xml:22:5-20
	android:label
		ADDED from src\main\AndroidManifest.xml:37:9-41
	android:fullBackupContent
		ADDED from src\main\AndroidManifest.xml:35:9-59
	android:allowBackup
		ADDED from [com.sunmi:DS_Lib:1.0.11] AndroidManifest.xml:11:18-44
	android:icon
		ADDED from src\main\AndroidManifest.xml:36:9-45
	android:theme
		ADDED from src\main\AndroidManifest.xml:38:9-40
	android:name
		ADDED from src\main\AndroidManifest.xml:34:9-43
activity#com.dxt.retail4sunmi.activity.WarehouseActivity
ADDED from src\main\AndroidManifest.xml:39:9-73
	android:name
		ADDED from src\main\AndroidManifest.xml:39:19-61
activity#com.dxt.retail4sunmi.activity.WelcomeActivity
ADDED from src\main\AndroidManifest.xml:41:9-51:20
	android:screenOrientation
		ADDED from src\main\AndroidManifest.xml:44:13-49
	android:label
		ADDED from src\main\AndroidManifest.xml:43:13-45
	android:theme
		ADDED from src\main\AndroidManifest.xml:45:13-48
	android:name
		ADDED from src\main\AndroidManifest.xml:42:13-53
intent-filter#action:name:android.intent.action.MAIN+category:name:android.intent.category.LAUNCHER
ADDED from src\main\AndroidManifest.xml:46:13-50:29
action#android.intent.action.MAIN
ADDED from src\main\AndroidManifest.xml:47:17-69
	android:name
		ADDED from src\main\AndroidManifest.xml:47:25-66
category#android.intent.category.LAUNCHER
ADDED from src\main\AndroidManifest.xml:49:17-77
	android:name
		ADDED from src\main\AndroidManifest.xml:49:27-74
activity#com.dxt.retail4sunmi.activity.LoginActivity
ADDED from src\main\AndroidManifest.xml:52:9-55:52
	android:screenOrientation
		ADDED from src\main\AndroidManifest.xml:55:13-49
	android:label
		ADDED from src\main\AndroidManifest.xml:54:13-45
	android:name
		ADDED from src\main\AndroidManifest.xml:53:13-51
activity#com.dxt.retail4sunmi.activity.OrderSuccessActivity
ADDED from src\main\AndroidManifest.xml:56:9-59:52
	android:screenOrientation
		ADDED from src\main\AndroidManifest.xml:59:13-49
	android:label
		ADDED from src\main\AndroidManifest.xml:58:13-45
	android:name
		ADDED from src\main\AndroidManifest.xml:57:13-58
activity#com.dxt.retail4sunmi.activity.OrderFailActivity
ADDED from src\main\AndroidManifest.xml:60:9-63:52
	android:screenOrientation
		ADDED from src\main\AndroidManifest.xml:63:13-49
	android:label
		ADDED from src\main\AndroidManifest.xml:62:13-45
	android:name
		ADDED from src\main\AndroidManifest.xml:61:13-55
activity#com.dxt.retail4sunmi.zxing.CaptureActivity
ADDED from src\main\AndroidManifest.xml:64:9-67:52
	android:screenOrientation
		ADDED from src\main\AndroidManifest.xml:67:13-49
	android:label
		ADDED from src\main\AndroidManifest.xml:66:13-45
	android:name
		ADDED from src\main\AndroidManifest.xml:65:13-50
activity#com.dxt.retail4sunmi.activity.QuickOrderActivity
ADDED from src\main\AndroidManifest.xml:68:9-71:55
	android:screenOrientation
		ADDED from src\main\AndroidManifest.xml:70:13-49
	android:windowSoftInputMode
		ADDED from src\main\AndroidManifest.xml:71:13-52
	android:name
		ADDED from src\main\AndroidManifest.xml:69:13-56
activity#com.dxt.retail4sunmi.activity.OrderSubmitActivity
ADDED from src\main\AndroidManifest.xml:72:9-75:55
	android:screenOrientation
		ADDED from src\main\AndroidManifest.xml:74:13-49
	android:windowSoftInputMode
		ADDED from src\main\AndroidManifest.xml:75:13-52
	android:name
		ADDED from src\main\AndroidManifest.xml:73:13-57
activity#com.dxt.retail4sunmi.activity.MemberActivity
ADDED from src\main\AndroidManifest.xml:76:9-79:67
	android:screenOrientation
		ADDED from src\main\AndroidManifest.xml:78:13-49
	android:windowSoftInputMode
		ADDED from src\main\AndroidManifest.xml:79:13-64
	android:name
		ADDED from src\main\AndroidManifest.xml:77:13-52
activity#com.dxt.retail4sunmi.activity.OrderPayActivity
ADDED from src\main\AndroidManifest.xml:80:9-82:52
	android:screenOrientation
		ADDED from src\main\AndroidManifest.xml:82:13-49
	android:name
		ADDED from src\main\AndroidManifest.xml:81:13-54
activity#com.dxt.retail4sunmi.activity.SearchOrderActivity
ADDED from src\main\AndroidManifest.xml:83:9-85:52
	android:screenOrientation
		ADDED from src\main\AndroidManifest.xml:85:13-49
	android:name
		ADDED from src\main\AndroidManifest.xml:84:13-57
activity#com.dxt.retail4sunmi.activity.OrderDetailActivity
ADDED from src\main\AndroidManifest.xml:86:9-88:52
	android:screenOrientation
		ADDED from src\main\AndroidManifest.xml:88:13-49
	android:name
		ADDED from src\main\AndroidManifest.xml:87:13-57
activity#com.dxt.retail4sunmi.activity.ScanActivity
ADDED from src\main\AndroidManifest.xml:89:9-91:52
	android:screenOrientation
		ADDED from src\main\AndroidManifest.xml:91:13-49
	android:name
		ADDED from src\main\AndroidManifest.xml:90:13-50
provider#android.support.v4.content.FileProvider
ADDED from src\main\AndroidManifest.xml:92:9-100:20
	android:grantUriPermissions
		ADDED from src\main\AndroidManifest.xml:96:13-47
	android:authorities
		ADDED from src\main\AndroidManifest.xml:94:13-68
	android:exported
		ADDED from src\main\AndroidManifest.xml:95:13-37
	android:name
		ADDED from src\main\AndroidManifest.xml:93:13-67
meta-data#android.support.FILE_PROVIDER_PATHS
ADDED from src\main\AndroidManifest.xml:97:13-99:49
	android:resource
		ADDED from src\main\AndroidManifest.xml:99:17-46
	android:name
		ADDED from src\main\AndroidManifest.xml:98:17-67
uses-sdk
INJECTED from src\main\AndroidManifest.xml reason: use-sdk injection requested
INJECTED from src\main\AndroidManifest.xml
INJECTED from src\main\AndroidManifest.xml
MERGED from [com.squareup.leakcanary:leakcanary-android:1.6.3] AndroidManifest.xml:20:5-44
MERGED from [com.squareup.leakcanary:leakcanary-android:1.6.3] AndroidManifest.xml:20:5-44
MERGED from [com.android.support:multidex:1.0.2] AndroidManifest.xml:20:5-43
MERGED from [com.android.support:multidex:1.0.2] AndroidManifest.xml:20:5-43
MERGED from [com.android.support:design:27.1.1] AndroidManifest.xml:20:5-44
MERGED from [com.android.support:design:27.1.1] AndroidManifest.xml:20:5-44
MERGED from [com.android.support:support-v4:27.1.1] AndroidManifest.xml:20:5-44
MERGED from [com.android.support:support-v4:27.1.1] AndroidManifest.xml:20:5-44
MERGED from [com.android.support:percent:27.1.1] AndroidManifest.xml:20:5-44
MERGED from [com.android.support:percent:27.1.1] AndroidManifest.xml:20:5-44
MERGED from [com.android.support:cardview-v7:27.1.1] AndroidManifest.xml:20:5-44
MERGED from [com.android.support:cardview-v7:27.1.1] AndroidManifest.xml:20:5-44
MERGED from [com.trello.rxlifecycle2:rxlifecycle-components:2.2.1] AndroidManifest.xml:17:5-44
MERGED from [com.trello.rxlifecycle2:rxlifecycle-components:2.2.1] AndroidManifest.xml:17:5-44
MERGED from [com.trello.rxlifecycle2:rxlifecycle-android:2.2.1] AndroidManifest.xml:17:5-44
MERGED from [com.trello.rxlifecycle2:rxlifecycle-android:2.2.1] AndroidManifest.xml:17:5-44
MERGED from [io.reactivex.rxjava2:rxandroid:2.0.1] AndroidManifest.xml:19:5-43
MERGED from [io.reactivex.rxjava2:rxandroid:2.0.1] AndroidManifest.xml:19:5-43
MERGED from [com.android.support.constraint:constraint-layout:1.1.2] AndroidManifest.xml:5:5-7:41
MERGED from [com.android.support.constraint:constraint-layout:1.1.2] AndroidManifest.xml:5:5-7:41
MERGED from [com.tencent.bugly:nativecrashreport:3.3.1] AndroidManifest.xml:5:5-7:41
MERGED from [com.tencent.bugly:nativecrashreport:3.3.1] AndroidManifest.xml:5:5-7:41
MERGED from [com.tencent.bugly:crashreport:2.6.6] AndroidManifest.xml:5:5-7:41
MERGED from [com.tencent.bugly:crashreport:2.6.6] AndroidManifest.xml:5:5-7:41
MERGED from [com.jakewharton:butterknife:8.8.1] AndroidManifest.xml:5:5-43
MERGED from [com.jakewharton:butterknife:8.8.1] AndroidManifest.xml:5:5-43
MERGED from [com.sunmi:DS_Lib:1.0.11] AndroidManifest.xml:7:5-9:41
MERGED from [com.sunmi:DS_Lib:1.0.11] AndroidManifest.xml:7:5-9:41
MERGED from [com.github.arcadefire:nice-spinner:1.3.4] AndroidManifest.xml:5:5-7:41
MERGED from [com.github.arcadefire:nice-spinner:1.3.4] AndroidManifest.xml:5:5-7:41
MERGED from [com.github.mcxtzhang:AnimShopButton:V1.2.0] AndroidManifest.xml:7:5-9:41
MERGED from [com.github.mcxtzhang:AnimShopButton:V1.2.0] AndroidManifest.xml:7:5-9:41
MERGED from [com.squareup.leakcanary:leakcanary-analyzer:1.6.3] AndroidManifest.xml:20:5-44
MERGED from [com.squareup.leakcanary:leakcanary-analyzer:1.6.3] AndroidManifest.xml:20:5-44
MERGED from [com.android.support:appcompat-v7:27.1.1] AndroidManifest.xml:20:5-44
MERGED from [com.android.support:appcompat-v7:27.1.1] AndroidManifest.xml:20:5-44
MERGED from [com.android.support:support-fragment:27.1.1] AndroidManifest.xml:20:5-44
MERGED from [com.android.support:support-fragment:27.1.1] AndroidManifest.xml:20:5-44
MERGED from [com.android.support:recyclerview-v7:27.1.1] AndroidManifest.xml:20:5-44
MERGED from [com.android.support:recyclerview-v7:27.1.1] AndroidManifest.xml:20:5-44
MERGED from [com.android.support:animated-vector-drawable:27.1.1] AndroidManifest.xml:20:5-44
MERGED from [com.android.support:animated-vector-drawable:27.1.1] AndroidManifest.xml:20:5-44
MERGED from [com.android.support:support-core-ui:27.1.1] AndroidManifest.xml:20:5-44
MERGED from [com.android.support:support-core-ui:27.1.1] AndroidManifest.xml:20:5-44
MERGED from [com.android.support:support-core-utils:27.1.1] AndroidManifest.xml:20:5-44
MERGED from [com.android.support:support-core-utils:27.1.1] AndroidManifest.xml:20:5-44
MERGED from [com.android.support:support-media-compat:27.1.1] AndroidManifest.xml:20:5-44
MERGED from [com.android.support:support-media-compat:27.1.1] AndroidManifest.xml:20:5-44
MERGED from [com.android.support:transition:27.1.1] AndroidManifest.xml:20:5-44
MERGED from [com.android.support:transition:27.1.1] AndroidManifest.xml:20:5-44
MERGED from [com.android.support:support-vector-drawable:27.1.1] AndroidManifest.xml:20:5-44
MERGED from [com.android.support:support-vector-drawable:27.1.1] AndroidManifest.xml:20:5-44
MERGED from [com.android.support:support-compat:27.1.1] AndroidManifest.xml:20:5-44
MERGED from [com.android.support:support-compat:27.1.1] AndroidManifest.xml:20:5-44
MERGED from [android.arch.lifecycle:runtime:1.1.0] AndroidManifest.xml:20:5-44
MERGED from [android.arch.lifecycle:runtime:1.1.0] AndroidManifest.xml:20:5-44
MERGED from [android.arch.lifecycle:livedata-core:1.1.0] AndroidManifest.xml:20:5-44
MERGED from [android.arch.lifecycle:livedata-core:1.1.0] AndroidManifest.xml:20:5-44
MERGED from [android.arch.lifecycle:viewmodel:1.1.0] AndroidManifest.xml:20:5-44
MERGED from [android.arch.lifecycle:viewmodel:1.1.0] AndroidManifest.xml:20:5-44
MERGED from [android.arch.core:runtime:1.1.0] AndroidManifest.xml:20:5-44
MERGED from [android.arch.core:runtime:1.1.0] AndroidManifest.xml:20:5-44
INJECTED from src\main\AndroidManifest.xml
INJECTED from src\main\AndroidManifest.xml
	android:targetSdkVersion
		INJECTED from src\main\AndroidManifest.xml
		ADDED from src\main\AndroidManifest.xml
		INJECTED from src\main\AndroidManifest.xml
	android:minSdkVersion
		INJECTED from src\main\AndroidManifest.xml
		ADDED from src\main\AndroidManifest.xml
		INJECTED from src\main\AndroidManifest.xml
uses-permission#android.permission.READ_EXTERNAL_STORAGE
ADDED from [com.squareup.leakcanary:leakcanary-android:1.6.3] AndroidManifest.xml:23:5-80
IMPLIED from src\main\AndroidManifest.xml:2:1-103:12 reason: com.squareup.leakcanary requested WRITE_EXTERNAL_STORAGE
	android:name
		ADDED from [com.squareup.leakcanary:leakcanary-android:1.6.3] AndroidManifest.xml:23:22-77
uses-permission#android.permission.FOREGROUND_SERVICE
ADDED from [com.squareup.leakcanary:leakcanary-android:1.6.3] AndroidManifest.xml:26:5-77
	android:name
		ADDED from [com.squareup.leakcanary:leakcanary-android:1.6.3] AndroidManifest.xml:26:22-74
service#com.squareup.leakcanary.internal.HeapAnalyzerService
ADDED from [com.squareup.leakcanary:leakcanary-android:1.6.3] AndroidManifest.xml:29:9-32:45
	android:process
		ADDED from [com.squareup.leakcanary:leakcanary-android:1.6.3] AndroidManifest.xml:32:13-42
	android:enabled
		ADDED from [com.squareup.leakcanary:leakcanary-android:1.6.3] AndroidManifest.xml:31:13-36
	android:name
		ADDED from [com.squareup.leakcanary:leakcanary-android:1.6.3] AndroidManifest.xml:30:13-80
service#com.squareup.leakcanary.DisplayLeakService
ADDED from [com.squareup.leakcanary:leakcanary-android:1.6.3] AndroidManifest.xml:33:9-36:45
	android:process
		ADDED from [com.squareup.leakcanary:leakcanary-android:1.6.3] AndroidManifest.xml:36:13-42
	android:enabled
		ADDED from [com.squareup.leakcanary:leakcanary-android:1.6.3] AndroidManifest.xml:35:13-36
	android:name
		ADDED from [com.squareup.leakcanary:leakcanary-android:1.6.3] AndroidManifest.xml:34:13-70
provider#com.squareup.leakcanary.internal.LeakCanaryFileProvider
ADDED from [com.squareup.leakcanary:leakcanary-android:1.6.3] AndroidManifest.xml:38:9-46:20
	android:grantUriPermissions
		ADDED from [com.squareup.leakcanary:leakcanary-android:1.6.3] AndroidManifest.xml:42:13-47
	android:authorities
		ADDED from [com.squareup.leakcanary:leakcanary-android:1.6.3] AndroidManifest.xml:40:13-88
	android:exported
		ADDED from [com.squareup.leakcanary:leakcanary-android:1.6.3] AndroidManifest.xml:41:13-37
	android:name
		ADDED from [com.squareup.leakcanary:leakcanary-android:1.6.3] AndroidManifest.xml:39:13-83
activity#com.squareup.leakcanary.internal.DisplayLeakActivity
ADDED from [com.squareup.leakcanary:leakcanary-android:1.6.3] AndroidManifest.xml:48:9-61:20
	android:process
		ADDED from [com.squareup.leakcanary:leakcanary-android:1.6.3] AndroidManifest.xml:53:13-42
	android:enabled
		ADDED from [com.squareup.leakcanary:leakcanary-android:1.6.3] AndroidManifest.xml:50:13-36
	android:label
		ADDED from [com.squareup.leakcanary:leakcanary-android:1.6.3] AndroidManifest.xml:52:13-71
	android:icon
		ADDED from [com.squareup.leakcanary:leakcanary-android:1.6.3] AndroidManifest.xml:51:13-52
	android:theme
		ADDED from [com.squareup.leakcanary:leakcanary-android:1.6.3] AndroidManifest.xml:55:13-63
	android:taskAffinity
		ADDED from [com.squareup.leakcanary:leakcanary-android:1.6.3] AndroidManifest.xml:54:13-76
	android:name
		ADDED from [com.squareup.leakcanary:leakcanary-android:1.6.3] AndroidManifest.xml:49:13-80
activity#com.squareup.leakcanary.internal.RequestStoragePermissionActivity
ADDED from [com.squareup.leakcanary:leakcanary-android:1.6.3] AndroidManifest.xml:62:9-71:68
	android:process
		ADDED from [com.squareup.leakcanary:leakcanary-android:1.6.3] AndroidManifest.xml:68:13-42
	android:enabled
		ADDED from [com.squareup.leakcanary:leakcanary-android:1.6.3] AndroidManifest.xml:64:13-36
	android:label
		ADDED from [com.squareup.leakcanary:leakcanary-android:1.6.3] AndroidManifest.xml:67:13-82
	android:excludeFromRecents
		ADDED from [com.squareup.leakcanary:leakcanary-android:1.6.3] AndroidManifest.xml:65:13-46
	android:roundIcon
		ADDED from [com.squareup.leakcanary:leakcanary-android:1.6.3] AndroidManifest.xml:69:13-57
	android:icon
		ADDED from [com.squareup.leakcanary:leakcanary-android:1.6.3] AndroidManifest.xml:66:13-52
	android:theme
		ADDED from [com.squareup.leakcanary:leakcanary-android:1.6.3] AndroidManifest.xml:71:13-65
	android:taskAffinity
		ADDED from [com.squareup.leakcanary:leakcanary-android:1.6.3] AndroidManifest.xml:70:13-76
	android:name
		ADDED from [com.squareup.leakcanary:leakcanary-android:1.6.3] AndroidManifest.xml:63:13-93
meta-data#SUNMI_APPKEY
ADDED from [com.sunmi:DS_Lib:1.0.11] AndroidManifest.xml:27:9-29:39
	android:value
		ADDED from [com.sunmi:DS_Lib:1.0.11] AndroidManifest.xml:29:13-36
	android:name
		ADDED from [com.sunmi:DS_Lib:1.0.11] AndroidManifest.xml:28:13-40